<?xml version="1.0" encoding="UTF-8"?>
<testng-results skipped="0" failed="0" ignored="0" total="1" passed="1">
  <reporter-output>
  </reporter-output>
  <suite name="Default suite" duration-ms="29834" started-at="2019-10-31T19:25:12Z" finished-at="2019-10-31T19:25:42Z">
    <groups>
    </groups>
    <test name="Default test" duration-ms="29834" started-at="2019-10-31T19:25:12Z" finished-at="2019-10-31T19:25:42Z">
      <class name="com.qa.wh.test.AddproductTest">
        <test-method status="PASS" signature="setup()[pri:0, instance:com.qa.wh.test.AddproductTest@29774679]" name="setup" is-config="true" duration-ms="27291" started-at="2019-10-31T19:25:12Z" finished-at="2019-10-31T19:25:40Z">
          <reporter-output>
          </reporter-output>
        </test-method> <!-- setup -->
        <test-method status="PASS" signature="submitreviewtest()[pri:0, instance:com.qa.wh.test.AddproductTest@29774679]" name="submitreviewtest" duration-ms="2504" started-at="2019-10-31T19:25:40Z" finished-at="2019-10-31T19:25:42Z">
          <reporter-output>
          </reporter-output>
        </test-method> <!-- submitreviewtest -->
      </class> <!-- com.qa.wh.test.AddproductTest -->
    </test> <!-- Default test -->
  </suite> <!-- Default suite -->
</testng-results>
